<?xml version="1.0" encoding="UTF-8"?>
<testsuite xmlns:xsi="http://www.w3.org/2001/XMLSchema-instance" xsi:noNamespaceSchemaLocation="https://maven.apache.org/surefire/maven-surefire-plugin/xsd/surefire-test-report-3.0.xsd" version="3.0" name="com.progressoft.samples.MoneyTest" time="0.057" tests="7" errors="0" skipped="0" failures="0">
  <properties>
    <property name="java.specification.version" value="22"/>
    <property name="sun.cpu.isalist" value="amd64"/>
    <property name="sun.jnu.encoding" value="Cp1252"/>
    <property name="java.class.path" value="C:\Users\HamzaHassan\Downloads\VendingMachineMoney\VendingMachineMoney\target\test-classes;C:\Users\HamzaHassan\Downloads\VendingMachineMoney\VendingMachineMoney\target\classes;C:\Users\HamzaHassan\.m2\repository\junit\junit\4.13.2\junit-4.13.2.jar;C:\Users\HamzaHassan\.m2\repository\org\hamcrest\hamcrest-core\1.3\hamcrest-core-1.3.jar;"/>
    <property name="java.vm.vendor" value="Oracle Corporation"/>
    <property name="sun.arch.data.model" value="64"/>
    <property name="user.variant" value=""/>
    <property name="java.vendor.url" value="https://java.oracle.com/"/>
    <property name="user.timezone" value="Asia/Amman"/>
    <property name="os.name" value="Windows 11"/>
    <property name="java.vm.specification.version" value="22"/>
    <property name="sun.java.launcher" value="SUN_STANDARD"/>
    <property name="user.country" value="US"/>
    <property name="sun.boot.library.path" value="C:\Users\HamzaHassan\.jdks\openjdk-22.0.2\bin"/>
    <property name="sun.java.command" value="C:\Users\HamzaHassan\AppData\Local\Temp\surefire1334916173899632345\surefirebooter-20240909004920522_3.jar C:\Users\HamzaHassan\AppData\Local\Temp\surefire1334916173899632345 2024-09-09T00-49-20_394-jvmRun1 surefire-20240909004920522_1tmp surefire_0-20240909004920522_2tmp"/>
    <property name="jdk.debug" value="release"/>
    <property name="surefire.test.class.path" value="C:\Users\HamzaHassan\Downloads\VendingMachineMoney\VendingMachineMoney\target\test-classes;C:\Users\HamzaHassan\Downloads\VendingMachineMoney\VendingMachineMoney\target\classes;C:\Users\HamzaHassan\.m2\repository\junit\junit\4.13.2\junit-4.13.2.jar;C:\Users\HamzaHassan\.m2\repository\org\hamcrest\hamcrest-core\1.3\hamcrest-core-1.3.jar;"/>
    <property name="sun.cpu.endian" value="little"/>
    <property name="user.home" value="C:\Users\HamzaHassan"/>
    <property name="user.language" value="en"/>
    <property name="java.specification.vendor" value="Oracle Corporation"/>
    <property name="java.version.date" value="2024-07-16"/>
    <property name="java.home" value="C:\Users\HamzaHassan\.jdks\openjdk-22.0.2"/>
    <property name="file.separator" value="\"/>
    <property name="basedir" value="C:\Users\HamzaHassan\Downloads\VendingMachineMoney\VendingMachineMoney"/>
    <property name="java.vm.compressedOopsMode" value="Zero based"/>
    <property name="line.separator" value="&#10;"/>
    <property name="java.vm.specification.vendor" value="Oracle Corporation"/>
    <property name="java.specification.name" value="Java Platform API Specification"/>
    <property name="surefire.real.class.path" value="C:\Users\HamzaHassan\AppData\Local\Temp\surefire1334916173899632345\surefirebooter-20240909004920522_3.jar"/>
    <property name="user.script" value=""/>
    <property name="sun.management.compiler" value="HotSpot 64-Bit Tiered Compilers"/>
    <property name="java.runtime.version" value="22.0.2+9-70"/>
    <property name="user.name" value="HamzaHassan"/>
    <property name="stdout.encoding" value="Cp1252"/>
    <property name="path.separator" value=";"/>
    <property name="os.version" value="10.0"/>
    <property name="java.runtime.name" value="OpenJDK Runtime Environment"/>
    <property name="file.encoding" value="UTF-8"/>
    <property name="java.vm.name" value="OpenJDK 64-Bit Server VM"/>
    <property name="localRepository" value="C:\Users\HamzaHassan\.m2\repository"/>
    <property name="java.vendor.url.bug" value="https://bugreport.java.com/bugreport/"/>
    <property name="java.io.tmpdir" value="C:\Users\HAMZAH~1\AppData\Local\Temp\"/>
    <property name="idea.version" value="2024.1.1"/>
    <property name="java.version" value="22.0.2"/>
    <property name="user.dir" value="C:\Users\HamzaHassan\Downloads\VendingMachineMoney\VendingMachineMoney"/>
    <property name="os.arch" value="amd64"/>
    <property name="java.vm.specification.name" value="Java Virtual Machine Specification"/>
    <property name="sun.os.patch.level" value=""/>
    <property name="native.encoding" value="Cp1252"/>
    <property name="java.library.path" value="C:\Users\HamzaHassan\.jdks\openjdk-22.0.2\bin;C:\Windows\Sun\Java\bin;C:\Windows\system32;C:\Windows;C:\Python312\Scripts\;C:\Python312\;C:\Windows\system32;C:\Windows;C:\Windows\System32\Wbem;C:\Windows\System32\WindowsPowerShell\v1.0\;C:\Windows\System32\OpenSSH\;C:\Program Files\Git\cmd;C:\Users\HamzaHassan\AppData\Local\Programs\Python\Python39;C:\Users\HamzaHassan\AppData\Local\Programs\Python\Python39\Scripts;C:\ProgramData\chocolatey\bin;C:\Program Files\nodejs\;C:\Users\HamzaHassan\AppData\Local\Programs\Python\Python39\;C:\Users\HamzaHassan\AppData\Local\Programs\Python\Python39\Scripts\;C:\Users\HamzaHassan\AppData\Local\Programs\Microsoft VS Code\bin;C:\Users\HamzaHassan\AppData\Local\Microsoft\WinGet\Packages\Schniz.fnm_Microsoft.Winget.Source_8wekyb3d8bbwe;C:\Users\HamzaHassan\AppData\Roaming\npm;C:\Program Files\nodejs;C:\Users\HamzaHassan\AppData\Local\Microsoft\WindowsApps;;."/>
    <property name="java.vm.info" value="mixed mode, sharing"/>
    <property name="stderr.encoding" value="Cp1252"/>
    <property name="java.vendor" value="Oracle Corporation"/>
    <property name="java.vm.version" value="22.0.2+9-70"/>
    <property name="sun.io.unicode.encoding" value="UnicodeLittle"/>
    <property name="java.class.version" value="66.0"/>
  </properties>
  <testcase name="sumTest" classname="com.progressoft.samples.MoneyTest" time="0.008"/>
  <testcase name="plusTest" classname="com.progressoft.samples.MoneyTest" time="0.0"/>
  <testcase name="amountTest" classname="com.progressoft.samples.MoneyTest" time="0.0"/>
  <testcase name="timesTest" classname="com.progressoft.samples.MoneyTest" time="0.0"/>
  <testcase name="complexTest" classname="com.progressoft.samples.MoneyTest" time="0.001"/>
  <testcase name="toStringTest" classname="com.progressoft.samples.MoneyTest" time="0.001"/>
  <testcase name="minusTest" classname="com.progressoft.samples.MoneyTest" time="0.002"/>
</testsuite>